<?xml version="1.0" encoding="UTF-8"?>
<!-- Generated by org.testng.reporters.JUnitReportReporter -->
<testsuite hostname="DESKTOP-65LSBDS" failures="0" tests="2" name="MavenProject.RESTAPITest" time="0.004" errors="0" timestamp="2020-04-25T13:58:12 CDT" skipped="0">
  <testcase classname="MavenProject.RESTAPITest" name="restTest" time="0.002"/>
  <system-out/>
  <testcase classname="MavenProject.RESTAPITest" name="twitter" time="0.002"/>
  <system-out/>
</testsuite> <!-- MavenProject.RESTAPITest -->
