<?xml version="1.0" encoding="UTF-8"?>
<!-- Generated by org.testng.reporters.JUnitReportReporter -->
<testsuite hostname="DESKTOP-65LSBDS" failures="0" tests="2" name="MavenProject.SeleniumTest" time="0.000" errors="0" timestamp="2020-04-23T13:07:23 CDT" skipped="0">
  <testcase classname="MavenProject.SeleniumTest" name="findElement" time="0.000"/>
  <system-out/>
  <testcase classname="MavenProject.SeleniumTest" name="automateBrowser" time="0.000"/>
  <system-out/>
</testsuite> <!-- MavenProject.SeleniumTest -->
