<?xml version="1.0" encoding="UTF-8"?>
<!-- Generated by org.testng.reporters.JUnitReportReporter -->
<testsuite hostname="DESKTOP-65LSBDS" failures="0" tests="2" name="MavenProject.AppiumTest" time="0.015" errors="0" timestamp="2020-04-25T13:58:51 CDT" skipped="0">
  <testcase classname="MavenProject.AppiumTest" name="testAndroid" time="0.013"/>
  <system-out/>
  <testcase classname="MavenProject.AppiumTest" name="testIOS" time="0.002"/>
  <system-out/>
</testsuite> <!-- MavenProject.AppiumTest -->
