<?xml version="1.0" encoding="UTF-8"?>
<!-- Generated by org.testng.reporters.JUnitReportReporter -->
<testsuite hostname="DESKTOP-65LSBDS" failures="0" tests="2" name="MavenProject.AppiumTest" time="0.016" errors="0" timestamp="2020-04-23T13:59:15 CDT" skipped="0">
  <testcase classname="MavenProject.AppiumTest" name="testAndroid" time="0.016"/>
  <system-out/>
  <testcase classname="MavenProject.AppiumTest" name="testIOS" time="0.000"/>
  <system-out/>
</testsuite> <!-- MavenProject.AppiumTest -->
